<?xml version="1.0" encoding="UTF-8"?>
<!-- Generated by org.testng.reporters.JUnitReportReporter -->
<testsuite hostname="Pinto" failures="0" tests="1" name="testPackage.day1" time="0.005" errors="0" timestamp="2022-01-22T09:27:46 IST" skipped="0">
  <testcase classname="testPackage.day1" name="demo" time="0.005"/>
  <system-out/>
</testsuite> <!-- testPackage.day1 -->
